<?xml version="1.0" encoding="UTF-8"?>
<!-- Generated by org.testng.reporters.JUnitReportReporter -->
<testsuite hostname="MSI" failures="0" tests="4" name="com.herokuapp.restfulbooker.tests.BookerTests" time="7.787" errors="0" timestamp="2021-05-23T05:22:56 IST" skipped="0">
  <testcase classname="com.herokuapp.restfulbooker.tests.BookerTests" name="getBookingTest" time="1.864"/>
  <system-out/>
  <testcase classname="com.herokuapp.restfulbooker.tests.BookerTests" name="deleteBookingTest" time="1.898"/>
  <system-out/>
  <testcase classname="com.herokuapp.restfulbooker.tests.BookerTests" name="createNewBookingTest" time="2.192"/>
  <system-out/>
  <testcase classname="com.herokuapp.restfulbooker.tests.BookerTests" name="updateBookingTest" time="1.833"/>
  <system-out/>
</testsuite> <!-- com.herokuapp.restfulbooker.tests.BookerTests -->
